
> frontend@0.1.0 start
> react-scripts start

(node:74562) [DEP_WEBPACK_DEV_SERVER_ON_AFTER_SETUP_MIDDLEWARE] DeprecationWarning: 'onAfterSetupMiddleware' option is deprecated. Please use the 'setupMiddlewares' option.
(Use `node --trace-deprecation ...` to show where the warning was created)
(node:74562) [DEP_WEBPACK_DEV_SERVER_ON_BEFORE_SETUP_MIDDLEWARE] DeprecationWarning: 'onBeforeSetupMiddleware' option is deprecated. Please use the 'setupMiddlewares' option.
Starting the development server...

Compiled successfully!

You can now view frontend in the browser.

  Local:            http://localhost:3000
  On Your Network:  http://192.168.0.15:3000

Note that the development build is not optimized.
To create a production build, use npm run build.

webpack compiled successfully
ERROR in src/components/DriverEfficiencyLeaderboard.tsx:41:10
TS2305: Module '"../types"' has no exported member 'DriverEfficiency'.
    39 | import { BarChart, Bar, XAxis, YAxis, CartesianGrid, Tooltip as RechartsTooltip, ResponsiveContainer, PieChart, Pie, Cell } from 'recharts';
    40 | import apiService from '../services/api';
  > 41 | import { DriverEfficiency, DriverLeaderboard, TimeRange, Telemetry, Vehicle } from '../types';
       |          ^^^^^^^^^^^^^^^^
    42 |
    43 | interface Props {
    44 |   timeRange?: TimeRange;

ERROR in src/components/DriverEfficiencyLeaderboard.tsx:41:28
TS2305: Module '"../types"' has no exported member 'DriverLeaderboard'.
    39 | import { BarChart, Bar, XAxis, YAxis, CartesianGrid, Tooltip as RechartsTooltip, ResponsiveContainer, PieChart, Pie, Cell } from 'recharts';
    40 | import apiService from '../services/api';
  > 41 | import { DriverEfficiency, DriverLeaderboard, TimeRange, Telemetry, Vehicle } from '../types';
       |                            ^^^^^^^^^^^^^^^^^
    42 |
    43 | interface Props {
    44 |   timeRange?: TimeRange;

ERROR in src/components/DriverEfficiencyLeaderboard.tsx:261:56
TS7006: Parameter 'd' implicitly has an 'any' type.
    259 |     const drivers = leaderboard.drivers;
    260 |     const totalDrivers = drivers.length;
  > 261 |     const avgEfficiency = drivers.reduce((sum: number, d) => sum + d.efficiency_score, 0) / totalDrivers;
        |                                                        ^
    262 |     const avgFuelEfficiency = drivers.reduce((sum: number, d) => sum + d.fuel_efficiency, 0) / totalDrivers;
    263 |     const totalDistance = drivers.reduce((sum: number, d) => sum + d.total_distance, 0);
    264 |     const totalEmissions = drivers.reduce((sum: number, d) => sum + d.total_emissions, 0);

ERROR in src/components/DriverEfficiencyLeaderboard.tsx:262:60
TS7006: Parameter 'd' implicitly has an 'any' type.
    260 |     const totalDrivers = drivers.length;
    261 |     const avgEfficiency = drivers.reduce((sum: number, d) => sum + d.efficiency_score, 0) / totalDrivers;
  > 262 |     const avgFuelEfficiency = drivers.reduce((sum: number, d) => sum + d.fuel_efficiency, 0) / totalDrivers;
        |                                                            ^
    263 |     const totalDistance = drivers.reduce((sum: number, d) => sum + d.total_distance, 0);
    264 |     const totalEmissions = drivers.reduce((sum: number, d) => sum + d.total_emissions, 0);
    265 |

ERROR in src/components/DriverEfficiencyLeaderboard.tsx:263:56
TS7006: Parameter 'd' implicitly has an 'any' type.
    261 |     const avgEfficiency = drivers.reduce((sum: number, d) => sum + d.efficiency_score, 0) / totalDrivers;
    262 |     const avgFuelEfficiency = drivers.reduce((sum: number, d) => sum + d.fuel_efficiency, 0) / totalDrivers;
  > 263 |     const totalDistance = drivers.reduce((sum: number, d) => sum + d.total_distance, 0);
        |                                                        ^
    264 |     const totalEmissions = drivers.reduce((sum: number, d) => sum + d.total_emissions, 0);
    265 |
    266 |     return {

ERROR in src/components/DriverEfficiencyLeaderboard.tsx:264:57
TS7006: Parameter 'd' implicitly has an 'any' type.
    262 |     const avgFuelEfficiency = drivers.reduce((sum: number, d) => sum + d.fuel_efficiency, 0) / totalDrivers;
    263 |     const totalDistance = drivers.reduce((sum: number, d) => sum + d.total_distance, 0);
  > 264 |     const totalEmissions = drivers.reduce((sum: number, d) => sum + d.total_emissions, 0);
        |                                                         ^
    265 |
    266 |     return {
    267 |       totalDrivers,

ERROR in src/components/DriverEfficiencyLeaderboard.tsx:287:34
TS7006: Parameter 'driver' implicitly has an 'any' type.
    285 |     ];
    286 |
  > 287 |     leaderboard.drivers.forEach((driver) => {
        |                                  ^^^^^^
    288 |       const score = driver.efficiency_score;
    289 |       const range = ranges.find(r => score >= r.min && score <= r.max);
    290 |       if (range) range.count++;

ERROR in src/components/DriverEfficiencyLeaderboard.tsx:502:41
TS7006: Parameter 'driver' implicitly has an 'any' type.
    500 |             </TableHead>
    501 |             <TableBody>
  > 502 |               {leaderboard.drivers.map((driver, index) => {
        |                                         ^^^^^^
    503 |                 const badges = getBadges(driver);
    504 |                 return (
    505 |                   <TableRow key={driver.driver_id} hover>

ERROR in src/components/DriverEfficiencyLeaderboard.tsx:502:49
TS7006: Parameter 'index' implicitly has an 'any' type.
    500 |             </TableHead>
    501 |             <TableBody>
  > 502 |               {leaderboard.drivers.map((driver, index) => {
        |                                                 ^^^^^
    503 |                 const badges = getBadges(driver);
    504 |                 return (
    505 |                   <TableRow key={driver.driver_id} hover>

Compiling...
Compiled successfully!
webpack compiled successfully
Files successfully emitted, waiting for typecheck results...
Issues checking in progress...
No issues found.
Compiling...
Compiled successfully!
webpack compiled successfully
No issues found.
Compiling...
Compiled with warnings.

[eslint] 
src/components/ElectrificationPlanning.tsx
  Line 33:3:    'TrendingDown' is defined but never used                                                                                                       @typescript-eslint/no-unused-vars
  Line 137:9:   'computeEnergyUsedKwhFromBattery' is assigned a value but never used                                                                           @typescript-eslint/no-unused-vars
  Line 198:13:  'avgSpeed' is assigned a value but never used                                                                                                  @typescript-eslint/no-unused-vars
  Line 319:6:   React Hook useMemo has missing dependencies: 'computeDaysCovered' and 'computeDistanceKm'. Either include them or remove the dependency array  react-hooks/exhaustive-deps
  Line 365:9:   'getPriorityColor' is assigned a value but never used                                                                                          @typescript-eslint/no-unused-vars

Search for the keywords to learn more about each warning.
To ignore, add // eslint-disable-next-line to the line before.

WARNING in [eslint] 
src/components/ElectrificationPlanning.tsx
  Line 33:3:    'TrendingDown' is defined but never used                                                                                                       @typescript-eslint/no-unused-vars
  Line 137:9:   'computeEnergyUsedKwhFromBattery' is assigned a value but never used                                                                           @typescript-eslint/no-unused-vars
  Line 198:13:  'avgSpeed' is assigned a value but never used                                                                                                  @typescript-eslint/no-unused-vars
  Line 319:6:   React Hook useMemo has missing dependencies: 'computeDaysCovered' and 'computeDistanceKm'. Either include them or remove the dependency array  react-hooks/exhaustive-deps
  Line 365:9:   'getPriorityColor' is assigned a value but never used                                                                                          @typescript-eslint/no-unused-vars

webpack compiled with 1 warning
No issues found.
Compiling...
Compiled with warnings.

[eslint] 
src/components/ElectrificationPlanning.tsx
  Line 33:3:    'TrendingDown' is defined but never used                                                                                                       @typescript-eslint/no-unused-vars
  Line 137:9:   'computeEnergyUsedKwhFromBattery' is assigned a value but never used                                                                           @typescript-eslint/no-unused-vars
  Line 198:13:  'avgSpeed' is assigned a value but never used                                                                                                  @typescript-eslint/no-unused-vars
  Line 319:6:   React Hook useMemo has missing dependencies: 'computeDaysCovered' and 'computeDistanceKm'. Either include them or remove the dependency array  react-hooks/exhaustive-deps
  Line 365:9:   'getPriorityColor' is assigned a value but never used                                                                                          @typescript-eslint/no-unused-vars

Search for the keywords to learn more about each warning.
To ignore, add // eslint-disable-next-line to the line before.

WARNING in [eslint] 
src/components/ElectrificationPlanning.tsx
  Line 33:3:    'TrendingDown' is defined but never used                                                                                                       @typescript-eslint/no-unused-vars
  Line 137:9:   'computeEnergyUsedKwhFromBattery' is assigned a value but never used                                                                           @typescript-eslint/no-unused-vars
  Line 198:13:  'avgSpeed' is assigned a value but never used                                                                                                  @typescript-eslint/no-unused-vars
  Line 319:6:   React Hook useMemo has missing dependencies: 'computeDaysCovered' and 'computeDistanceKm'. Either include them or remove the dependency array  react-hooks/exhaustive-deps
  Line 365:9:   'getPriorityColor' is assigned a value but never used                                                                                          @typescript-eslint/no-unused-vars

webpack compiled with 1 warning
No issues found.
Compiling...
Compiled with warnings.

[eslint] 
src/components/ElectrificationPlanning.tsx
  Line 33:3:    'TrendingDown' is defined but never used                                                                                                       @typescript-eslint/no-unused-vars
  Line 137:9:   'computeEnergyUsedKwhFromBattery' is assigned a value but never used                                                                           @typescript-eslint/no-unused-vars
  Line 198:13:  'avgSpeed' is assigned a value but never used                                                                                                  @typescript-eslint/no-unused-vars
  Line 319:6:   React Hook useMemo has missing dependencies: 'computeDaysCovered' and 'computeDistanceKm'. Either include them or remove the dependency array  react-hooks/exhaustive-deps
  Line 365:9:   'getPriorityColor' is assigned a value but never used                                                                                          @typescript-eslint/no-unused-vars

src/components/WorldMap.tsx
  Line 195:9:  'chargingStationIcon' is assigned a value but never used  @typescript-eslint/no-unused-vars

Search for the keywords to learn more about each warning.
To ignore, add // eslint-disable-next-line to the line before.

WARNING in [eslint] 
src/components/ElectrificationPlanning.tsx
  Line 33:3:    'TrendingDown' is defined but never used                                                                                                       @typescript-eslint/no-unused-vars
  Line 137:9:   'computeEnergyUsedKwhFromBattery' is assigned a value but never used                                                                           @typescript-eslint/no-unused-vars
  Line 198:13:  'avgSpeed' is assigned a value but never used                                                                                                  @typescript-eslint/no-unused-vars
  Line 319:6:   React Hook useMemo has missing dependencies: 'computeDaysCovered' and 'computeDistanceKm'. Either include them or remove the dependency array  react-hooks/exhaustive-deps
  Line 365:9:   'getPriorityColor' is assigned a value but never used                                                                                          @typescript-eslint/no-unused-vars

src/components/WorldMap.tsx
  Line 195:9:  'chargingStationIcon' is assigned a value but never used  @typescript-eslint/no-unused-vars

webpack compiled with 1 warning
No issues found.
Compiling...
Compiled with warnings.

[eslint] 
src/components/ElectrificationPlanning.tsx
  Line 33:3:    'TrendingDown' is defined but never used                                                                                                       @typescript-eslint/no-unused-vars
  Line 137:9:   'computeEnergyUsedKwhFromBattery' is assigned a value but never used                                                                           @typescript-eslint/no-unused-vars
  Line 198:13:  'avgSpeed' is assigned a value but never used                                                                                                  @typescript-eslint/no-unused-vars
  Line 319:6:   React Hook useMemo has missing dependencies: 'computeDaysCovered' and 'computeDistanceKm'. Either include them or remove the dependency array  react-hooks/exhaustive-deps
  Line 365:9:   'getPriorityColor' is assigned a value but never used                                                                                          @typescript-eslint/no-unused-vars

src/components/WorldMap.tsx
  Line 195:9:  'chargingStationIcon' is assigned a value but never used  @typescript-eslint/no-unused-vars

Search for the keywords to learn more about each warning.
To ignore, add // eslint-disable-next-line to the line before.

WARNING in [eslint] 
src/components/ElectrificationPlanning.tsx
  Line 33:3:    'TrendingDown' is defined but never used                                                                                                       @typescript-eslint/no-unused-vars
  Line 137:9:   'computeEnergyUsedKwhFromBattery' is assigned a value but never used                                                                           @typescript-eslint/no-unused-vars
  Line 198:13:  'avgSpeed' is assigned a value but never used                                                                                                  @typescript-eslint/no-unused-vars
  Line 319:6:   React Hook useMemo has missing dependencies: 'computeDaysCovered' and 'computeDistanceKm'. Either include them or remove the dependency array  react-hooks/exhaustive-deps
  Line 365:9:   'getPriorityColor' is assigned a value but never used                                                                                          @typescript-eslint/no-unused-vars

src/components/WorldMap.tsx
  Line 195:9:  'chargingStationIcon' is assigned a value but never used  @typescript-eslint/no-unused-vars

webpack compiled with 1 warning
No issues found.
Compiling...
Compiled with warnings.

[eslint] 
src/components/ElectrificationPlanning.tsx
  Line 33:3:    'TrendingDown' is defined but never used                                                                                                       @typescript-eslint/no-unused-vars
  Line 137:9:   'computeEnergyUsedKwhFromBattery' is assigned a value but never used                                                                           @typescript-eslint/no-unused-vars
  Line 198:13:  'avgSpeed' is assigned a value but never used                                                                                                  @typescript-eslint/no-unused-vars
  Line 319:6:   React Hook useMemo has missing dependencies: 'computeDaysCovered' and 'computeDistanceKm'. Either include them or remove the dependency array  react-hooks/exhaustive-deps
  Line 365:9:   'getPriorityColor' is assigned a value but never used                                                                                          @typescript-eslint/no-unused-vars

src/components/MaintenanceManagement.tsx
  Line 57:6:  React Hook useEffect has a missing dependency: 'loadMaintenance'. Either include it or remove the dependency array  react-hooks/exhaustive-deps

src/components/WorldMap.tsx
  Line 195:9:  'chargingStationIcon' is assigned a value but never used  @typescript-eslint/no-unused-vars

Search for the keywords to learn more about each warning.
To ignore, add // eslint-disable-next-line to the line before.

WARNING in [eslint] 
src/components/ElectrificationPlanning.tsx
  Line 33:3:    'TrendingDown' is defined but never used                                                                                                       @typescript-eslint/no-unused-vars
  Line 137:9:   'computeEnergyUsedKwhFromBattery' is assigned a value but never used                                                                           @typescript-eslint/no-unused-vars
  Line 198:13:  'avgSpeed' is assigned a value but never used                                                                                                  @typescript-eslint/no-unused-vars
  Line 319:6:   React Hook useMemo has missing dependencies: 'computeDaysCovered' and 'computeDistanceKm'. Either include them or remove the dependency array  react-hooks/exhaustive-deps
  Line 365:9:   'getPriorityColor' is assigned a value but never used                                                                                          @typescript-eslint/no-unused-vars

src/components/MaintenanceManagement.tsx
  Line 57:6:  React Hook useEffect has a missing dependency: 'loadMaintenance'. Either include it or remove the dependency array  react-hooks/exhaustive-deps

src/components/WorldMap.tsx
  Line 195:9:  'chargingStationIcon' is assigned a value but never used  @typescript-eslint/no-unused-vars

webpack compiled with 1 warning
No issues found.
Compiling...
Compiled with warnings.

[eslint] 
src/components/ElectrificationPlanning.tsx
  Line 33:3:    'TrendingDown' is defined but never used                                                                                                       @typescript-eslint/no-unused-vars
  Line 137:9:   'computeEnergyUsedKwhFromBattery' is assigned a value but never used                                                                           @typescript-eslint/no-unused-vars
  Line 198:13:  'avgSpeed' is assigned a value but never used                                                                                                  @typescript-eslint/no-unused-vars
  Line 319:6:   React Hook useMemo has missing dependencies: 'computeDaysCovered' and 'computeDistanceKm'. Either include them or remove the dependency array  react-hooks/exhaustive-deps
  Line 365:9:   'getPriorityColor' is assigned a value but never used                                                                                          @typescript-eslint/no-unused-vars

src/components/MaintenanceManagement.tsx
  Line 57:6:  React Hook useEffect has a missing dependency: 'loadMaintenance'. Either include it or remove the dependency array  react-hooks/exhaustive-deps

src/components/TripManagement.tsx
  Line 57:6:  React Hook useEffect has a missing dependency: 'loadTrips'. Either include it or remove the dependency array  react-hooks/exhaustive-deps

src/components/WorldMap.tsx
  Line 195:9:  'chargingStationIcon' is assigned a value but never used  @typescript-eslint/no-unused-vars

Search for the keywords to learn more about each warning.
To ignore, add // eslint-disable-next-line to the line before.

WARNING in [eslint] 
src/components/ElectrificationPlanning.tsx
  Line 33:3:    'TrendingDown' is defined but never used                                                                                                       @typescript-eslint/no-unused-vars
  Line 137:9:   'computeEnergyUsedKwhFromBattery' is assigned a value but never used                                                                           @typescript-eslint/no-unused-vars
  Line 198:13:  'avgSpeed' is assigned a value but never used                                                                                                  @typescript-eslint/no-unused-vars
  Line 319:6:   React Hook useMemo has missing dependencies: 'computeDaysCovered' and 'computeDistanceKm'. Either include them or remove the dependency array  react-hooks/exhaustive-deps
  Line 365:9:   'getPriorityColor' is assigned a value but never used                                                                                          @typescript-eslint/no-unused-vars

src/components/MaintenanceManagement.tsx
  Line 57:6:  React Hook useEffect has a missing dependency: 'loadMaintenance'. Either include it or remove the dependency array  react-hooks/exhaustive-deps

src/components/TripManagement.tsx
  Line 57:6:  React Hook useEffect has a missing dependency: 'loadTrips'. Either include it or remove the dependency array  react-hooks/exhaustive-deps

src/components/WorldMap.tsx
  Line 195:9:  'chargingStationIcon' is assigned a value but never used  @typescript-eslint/no-unused-vars

webpack compiled with 1 warning
No issues found.
Compiling...
Compiled with warnings.

[eslint] 
src/components/ElectrificationPlanning.tsx
  Line 33:3:    'TrendingDown' is defined but never used                                                                                                       @typescript-eslint/no-unused-vars
  Line 137:9:   'computeEnergyUsedKwhFromBattery' is assigned a value but never used                                                                           @typescript-eslint/no-unused-vars
  Line 198:13:  'avgSpeed' is assigned a value but never used                                                                                                  @typescript-eslint/no-unused-vars
  Line 319:6:   React Hook useMemo has missing dependencies: 'computeDaysCovered' and 'computeDistanceKm'. Either include them or remove the dependency array  react-hooks/exhaustive-deps
  Line 365:9:   'getPriorityColor' is assigned a value but never used                                                                                          @typescript-eslint/no-unused-vars

src/components/MaintenanceManagement.tsx
  Line 57:6:  React Hook useEffect has a missing dependency: 'loadMaintenance'. Either include it or remove the dependency array  react-hooks/exhaustive-deps

src/components/TripManagement.tsx
  Line 57:6:  React Hook useEffect has a missing dependency: 'loadTrips'. Either include it or remove the dependency array  react-hooks/exhaustive-deps

src/components/WorldMap.tsx
  Line 195:9:  'chargingStationIcon' is assigned a value but never used  @typescript-eslint/no-unused-vars

Search for the keywords to learn more about each warning.
To ignore, add // eslint-disable-next-line to the line before.

WARNING in [eslint] 
src/components/ElectrificationPlanning.tsx
  Line 33:3:    'TrendingDown' is defined but never used                                                                                                       @typescript-eslint/no-unused-vars
  Line 137:9:   'computeEnergyUsedKwhFromBattery' is assigned a value but never used                                                                           @typescript-eslint/no-unused-vars
  Line 198:13:  'avgSpeed' is assigned a value but never used                                                                                                  @typescript-eslint/no-unused-vars
  Line 319:6:   React Hook useMemo has missing dependencies: 'computeDaysCovered' and 'computeDistanceKm'. Either include them or remove the dependency array  react-hooks/exhaustive-deps
  Line 365:9:   'getPriorityColor' is assigned a value but never used                                                                                          @typescript-eslint/no-unused-vars

src/components/MaintenanceManagement.tsx
  Line 57:6:  React Hook useEffect has a missing dependency: 'loadMaintenance'. Either include it or remove the dependency array  react-hooks/exhaustive-deps

src/components/TripManagement.tsx
  Line 57:6:  React Hook useEffect has a missing dependency: 'loadTrips'. Either include it or remove the dependency array  react-hooks/exhaustive-deps

src/components/WorldMap.tsx
  Line 195:9:  'chargingStationIcon' is assigned a value but never used  @typescript-eslint/no-unused-vars

webpack compiled with 1 warning
No issues found.
Compiling...
Compiled with warnings.

[eslint] 
src/components/ElectrificationPlanning.tsx
  Line 33:3:    'TrendingDown' is defined but never used                                                                                                       @typescript-eslint/no-unused-vars
  Line 137:9:   'computeEnergyUsedKwhFromBattery' is assigned a value but never used                                                                           @typescript-eslint/no-unused-vars
  Line 198:13:  'avgSpeed' is assigned a value but never used                                                                                                  @typescript-eslint/no-unused-vars
  Line 319:6:   React Hook useMemo has missing dependencies: 'computeDaysCovered' and 'computeDistanceKm'. Either include them or remove the dependency array  react-hooks/exhaustive-deps
  Line 365:9:   'getPriorityColor' is assigned a value but never used                                                                                          @typescript-eslint/no-unused-vars

src/components/MaintenanceManagement.tsx
  Line 57:6:  React Hook useEffect has a missing dependency: 'loadMaintenance'. Either include it or remove the dependency array  react-hooks/exhaustive-deps

src/components/TripManagement.tsx
  Line 60:6:  React Hook useEffect has a missing dependency: 'loadTrips'. Either include it or remove the dependency array  react-hooks/exhaustive-deps

src/components/WorldMap.tsx
  Line 195:9:  'chargingStationIcon' is assigned a value but never used  @typescript-eslint/no-unused-vars

Search for the keywords to learn more about each warning.
To ignore, add // eslint-disable-next-line to the line before.

WARNING in [eslint] 
src/components/ElectrificationPlanning.tsx
  Line 33:3:    'TrendingDown' is defined but never used                                                                                                       @typescript-eslint/no-unused-vars
  Line 137:9:   'computeEnergyUsedKwhFromBattery' is assigned a value but never used                                                                           @typescript-eslint/no-unused-vars
  Line 198:13:  'avgSpeed' is assigned a value but never used                                                                                                  @typescript-eslint/no-unused-vars
  Line 319:6:   React Hook useMemo has missing dependencies: 'computeDaysCovered' and 'computeDistanceKm'. Either include them or remove the dependency array  react-hooks/exhaustive-deps
  Line 365:9:   'getPriorityColor' is assigned a value but never used                                                                                          @typescript-eslint/no-unused-vars

src/components/MaintenanceManagement.tsx
  Line 57:6:  React Hook useEffect has a missing dependency: 'loadMaintenance'. Either include it or remove the dependency array  react-hooks/exhaustive-deps

src/components/TripManagement.tsx
  Line 60:6:  React Hook useEffect has a missing dependency: 'loadTrips'. Either include it or remove the dependency array  react-hooks/exhaustive-deps

src/components/WorldMap.tsx
  Line 195:9:  'chargingStationIcon' is assigned a value but never used  @typescript-eslint/no-unused-vars

webpack compiled with 1 warning
No issues found.
Compiling...
Compiled with warnings.

[eslint] 
src/components/ElectrificationPlanning.tsx
  Line 33:3:    'TrendingDown' is defined but never used                                                                                                       @typescript-eslint/no-unused-vars
  Line 137:9:   'computeEnergyUsedKwhFromBattery' is assigned a value but never used                                                                           @typescript-eslint/no-unused-vars
  Line 198:13:  'avgSpeed' is assigned a value but never used                                                                                                  @typescript-eslint/no-unused-vars
  Line 319:6:   React Hook useMemo has missing dependencies: 'computeDaysCovered' and 'computeDistanceKm'. Either include them or remove the dependency array  react-hooks/exhaustive-deps
  Line 365:9:   'getPriorityColor' is assigned a value but never used                                                                                          @typescript-eslint/no-unused-vars

src/components/MaintenanceManagement.tsx
  Line 60:6:  React Hook useEffect has a missing dependency: 'loadMaintenance'. Either include it or remove the dependency array  react-hooks/exhaustive-deps

src/components/TripManagement.tsx
  Line 60:6:  React Hook useEffect has a missing dependency: 'loadTrips'. Either include it or remove the dependency array  react-hooks/exhaustive-deps

src/components/WorldMap.tsx
  Line 195:9:  'chargingStationIcon' is assigned a value but never used  @typescript-eslint/no-unused-vars

Search for the keywords to learn more about each warning.
To ignore, add // eslint-disable-next-line to the line before.

WARNING in [eslint] 
src/components/ElectrificationPlanning.tsx
  Line 33:3:    'TrendingDown' is defined but never used                                                                                                       @typescript-eslint/no-unused-vars
  Line 137:9:   'computeEnergyUsedKwhFromBattery' is assigned a value but never used                                                                           @typescript-eslint/no-unused-vars
  Line 198:13:  'avgSpeed' is assigned a value but never used                                                                                                  @typescript-eslint/no-unused-vars
  Line 319:6:   React Hook useMemo has missing dependencies: 'computeDaysCovered' and 'computeDistanceKm'. Either include them or remove the dependency array  react-hooks/exhaustive-deps
  Line 365:9:   'getPriorityColor' is assigned a value but never used                                                                                          @typescript-eslint/no-unused-vars

src/components/MaintenanceManagement.tsx
  Line 60:6:  React Hook useEffect has a missing dependency: 'loadMaintenance'. Either include it or remove the dependency array  react-hooks/exhaustive-deps

src/components/TripManagement.tsx
  Line 60:6:  React Hook useEffect has a missing dependency: 'loadTrips'. Either include it or remove the dependency array  react-hooks/exhaustive-deps

src/components/WorldMap.tsx
  Line 195:9:  'chargingStationIcon' is assigned a value but never used  @typescript-eslint/no-unused-vars

webpack compiled with 1 warning
No issues found.
Compiling...
Compiled with warnings.

[eslint] 
src/components/CostManagement.tsx
  Line 60:6:  React Hook useEffect has a missing dependency: 'loadCosts'. Either include it or remove the dependency array  react-hooks/exhaustive-deps

src/components/ElectrificationPlanning.tsx
  Line 33:3:    'TrendingDown' is defined but never used                                                                                                       @typescript-eslint/no-unused-vars
  Line 137:9:   'computeEnergyUsedKwhFromBattery' is assigned a value but never used                                                                           @typescript-eslint/no-unused-vars
  Line 198:13:  'avgSpeed' is assigned a value but never used                                                                                                  @typescript-eslint/no-unused-vars
  Line 319:6:   React Hook useMemo has missing dependencies: 'computeDaysCovered' and 'computeDistanceKm'. Either include them or remove the dependency array  react-hooks/exhaustive-deps
  Line 365:9:   'getPriorityColor' is assigned a value but never used                                                                                          @typescript-eslint/no-unused-vars

src/components/MaintenanceManagement.tsx
  Line 60:6:  React Hook useEffect has a missing dependency: 'loadMaintenance'. Either include it or remove the dependency array  react-hooks/exhaustive-deps

src/components/TripManagement.tsx
  Line 60:6:  React Hook useEffect has a missing dependency: 'loadTrips'. Either include it or remove the dependency array  react-hooks/exhaustive-deps

src/components/WorldMap.tsx
  Line 195:9:  'chargingStationIcon' is assigned a value but never used  @typescript-eslint/no-unused-vars

Search for the keywords to learn more about each warning.
To ignore, add // eslint-disable-next-line to the line before.

WARNING in [eslint] 
src/components/CostManagement.tsx
  Line 60:6:  React Hook useEffect has a missing dependency: 'loadCosts'. Either include it or remove the dependency array  react-hooks/exhaustive-deps

src/components/ElectrificationPlanning.tsx
  Line 33:3:    'TrendingDown' is defined but never used                                                                                                       @typescript-eslint/no-unused-vars
  Line 137:9:   'computeEnergyUsedKwhFromBattery' is assigned a value but never used                                                                           @typescript-eslint/no-unused-vars
  Line 198:13:  'avgSpeed' is assigned a value but never used                                                                                                  @typescript-eslint/no-unused-vars
  Line 319:6:   React Hook useMemo has missing dependencies: 'computeDaysCovered' and 'computeDistanceKm'. Either include them or remove the dependency array  react-hooks/exhaustive-deps
  Line 365:9:   'getPriorityColor' is assigned a value but never used                                                                                          @typescript-eslint/no-unused-vars

src/components/MaintenanceManagement.tsx
  Line 60:6:  React Hook useEffect has a missing dependency: 'loadMaintenance'. Either include it or remove the dependency array  react-hooks/exhaustive-deps

src/components/TripManagement.tsx
  Line 60:6:  React Hook useEffect has a missing dependency: 'loadTrips'. Either include it or remove the dependency array  react-hooks/exhaustive-deps

src/components/WorldMap.tsx
  Line 195:9:  'chargingStationIcon' is assigned a value but never used  @typescript-eslint/no-unused-vars

webpack compiled with 1 warning
No issues found.
Compiling...
Compiled with warnings.

[eslint] 
src/components/CostManagement.tsx
  Line 60:6:  React Hook useEffect has a missing dependency: 'loadCosts'. Either include it or remove the dependency array  react-hooks/exhaustive-deps

src/components/ElectrificationPlanning.tsx
  Line 33:3:    'TrendingDown' is defined but never used                                                                                                       @typescript-eslint/no-unused-vars
  Line 137:9:   'computeEnergyUsedKwhFromBattery' is assigned a value but never used                                                                           @typescript-eslint/no-unused-vars
  Line 198:13:  'avgSpeed' is assigned a value but never used                                                                                                  @typescript-eslint/no-unused-vars
  Line 319:6:   React Hook useMemo has missing dependencies: 'computeDaysCovered' and 'computeDistanceKm'. Either include them or remove the dependency array  react-hooks/exhaustive-deps
  Line 365:9:   'getPriorityColor' is assigned a value but never used                                                                                          @typescript-eslint/no-unused-vars

src/components/MaintenanceManagement.tsx
  Line 60:6:  React Hook useEffect has a missing dependency: 'loadMaintenance'. Either include it or remove the dependency array  react-hooks/exhaustive-deps

src/components/TripManagement.tsx
  Line 60:6:  React Hook useEffect has a missing dependency: 'loadTrips'. Either include it or remove the dependency array  react-hooks/exhaustive-deps

src/components/WorldMap.tsx
  Line 195:9:  'chargingStationIcon' is assigned a value but never used  @typescript-eslint/no-unused-vars

Search for the keywords to learn more about each warning.
To ignore, add // eslint-disable-next-line to the line before.

WARNING in [eslint] 
src/components/CostManagement.tsx
  Line 60:6:  React Hook useEffect has a missing dependency: 'loadCosts'. Either include it or remove the dependency array  react-hooks/exhaustive-deps

src/components/ElectrificationPlanning.tsx
  Line 33:3:    'TrendingDown' is defined but never used                                                                                                       @typescript-eslint/no-unused-vars
  Line 137:9:   'computeEnergyUsedKwhFromBattery' is assigned a value but never used                                                                           @typescript-eslint/no-unused-vars
  Line 198:13:  'avgSpeed' is assigned a value but never used                                                                                                  @typescript-eslint/no-unused-vars
  Line 319:6:   React Hook useMemo has missing dependencies: 'computeDaysCovered' and 'computeDistanceKm'. Either include them or remove the dependency array  react-hooks/exhaustive-deps
  Line 365:9:   'getPriorityColor' is assigned a value but never used                                                                                          @typescript-eslint/no-unused-vars

src/components/MaintenanceManagement.tsx
  Line 60:6:  React Hook useEffect has a missing dependency: 'loadMaintenance'. Either include it or remove the dependency array  react-hooks/exhaustive-deps

src/components/TripManagement.tsx
  Line 60:6:  React Hook useEffect has a missing dependency: 'loadTrips'. Either include it or remove the dependency array  react-hooks/exhaustive-deps

src/components/WorldMap.tsx
  Line 195:9:  'chargingStationIcon' is assigned a value but never used  @typescript-eslint/no-unused-vars

webpack compiled with 1 warning
No issues found.
