time="2025-09-15T06:26:52+01:00" level=info msg="Starting fleet simulation" accel_kmhps=4 api_url="http://localhost:8081/api" fleet_size=1 interval=1s max_kmh=60 osrm="http://localhost:5000"
time="2025-09-15T06:26:52+01:00" level=info msg="Using existing vehicles for simulation" existing_count=2
time="2025-09-15T06:26:52+01:00" level=info msg="Vehicle creation completed" created_vehicles=2
time="2025-09-15T06:26:52+01:00" level=info msg="Telemetry simulation started"
time="2025-09-15T06:26:53+01:00" level=info msg="Sent telemetry" status="200 OK" vehicle_id=68c7a30a742296b510ba8974
time="2025-09-15T06:26:53+01:00" level=info msg="Sent telemetry" status="200 OK" vehicle_id=68c7a30a742296b510ba8973
time="2025-09-15T06:26:54+01:00" level=info msg="Sent telemetry" status="200 OK" vehicle_id=68c7a30a742296b510ba8974
time="2025-09-15T06:26:54+01:00" level=info msg="Sent telemetry" status="200 OK" vehicle_id=68c7a30a742296b510ba8973
time="2025-09-15T06:26:55+01:00" level=info msg="Sent telemetry" status="200 OK" vehicle_id=68c7a30a742296b510ba8974
time="2025-09-15T06:26:55+01:00" level=info msg="Sent telemetry" status="200 OK" vehicle_id=68c7a30a742296b510ba8973
time="2025-09-15T06:26:56+01:00" level=info msg="Sent telemetry" status="200 OK" vehicle_id=68c7a30a742296b510ba8973
time="2025-09-15T06:26:56+01:00" level=info msg="Sent telemetry" status="200 OK" vehicle_id=68c7a30a742296b510ba8974
time="2025-09-15T06:26:57+01:00" level=info msg="Sent telemetry" status="200 OK" vehicle_id=68c7a30a742296b510ba8974
time="2025-09-15T06:26:57+01:00" level=info msg="Sent telemetry" status="200 OK" vehicle_id=68c7a30a742296b510ba8973
time="2025-09-15T06:26:58+01:00" level=info msg="Sent telemetry" status="200 OK" vehicle_id=68c7a30a742296b510ba8974
time="2025-09-15T06:26:58+01:00" level=info msg="Sent telemetry" status="200 OK" vehicle_id=68c7a30a742296b510ba8973
time="2025-09-15T06:26:59+01:00" level=info msg="Sent telemetry" status="200 OK" vehicle_id=68c7a30a742296b510ba8974
time="2025-09-15T06:26:59+01:00" level=info msg="Sent telemetry" status="200 OK" vehicle_id=68c7a30a742296b510ba8973
time="2025-09-15T06:27:00+01:00" level=info msg="Sent telemetry" status="200 OK" vehicle_id=68c7a30a742296b510ba8973
time="2025-09-15T06:27:00+01:00" level=info msg="Sent telemetry" status="200 OK" vehicle_id=68c7a30a742296b510ba8974
time="2025-09-15T06:27:01+01:00" level=info msg="Sent telemetry" status="200 OK" vehicle_id=68c7a30a742296b510ba8974
time="2025-09-15T06:27:01+01:00" level=info msg="Sent telemetry" status="200 OK" vehicle_id=68c7a30a742296b510ba8973
time="2025-09-15T06:27:02+01:00" level=info msg="Sent telemetry" status="200 OK" vehicle_id=68c7a30a742296b510ba8974
time="2025-09-15T06:27:02+01:00" level=info msg="Sent telemetry" status="200 OK" vehicle_id=68c7a30a742296b510ba8973
time="2025-09-15T06:27:03+01:00" level=info msg="Sent telemetry" status="200 OK" vehicle_id=68c7a30a742296b510ba8974
time="2025-09-15T06:27:03+01:00" level=info msg="Sent telemetry" status="200 OK" vehicle_id=68c7a30a742296b510ba8973
time="2025-09-15T06:27:04+01:00" level=info msg="Sent telemetry" status="200 OK" vehicle_id=68c7a30a742296b510ba8974
time="2025-09-15T06:27:04+01:00" level=info msg="Sent telemetry" status="200 OK" vehicle_id=68c7a30a742296b510ba8973
time="2025-09-15T06:27:05+01:00" level=info msg="Sent telemetry" status="200 OK" vehicle_id=68c7a30a742296b510ba8974
time="2025-09-15T06:27:05+01:00" level=info msg="Sent telemetry" status="200 OK" vehicle_id=68c7a30a742296b510ba8973
time="2025-09-15T06:27:06+01:00" level=info msg="Sent telemetry" status="200 OK" vehicle_id=68c7a30a742296b510ba8973
time="2025-09-15T06:27:06+01:00" level=info msg="Sent telemetry" status="200 OK" vehicle_id=68c7a30a742296b510ba8974
time="2025-09-15T06:27:07+01:00" level=info msg="Sent telemetry" status="200 OK" vehicle_id=68c7a30a742296b510ba8974
time="2025-09-15T06:27:07+01:00" level=info msg="Sent telemetry" status="200 OK" vehicle_id=68c7a30a742296b510ba8973
time="2025-09-15T06:27:08+01:00" level=info msg="Sent telemetry" status="200 OK" vehicle_id=68c7a30a742296b510ba8974
time="2025-09-15T06:27:08+01:00" level=info msg="Sent telemetry" status="200 OK" vehicle_id=68c7a30a742296b510ba8973
time="2025-09-15T06:27:09+01:00" level=info msg="Sent telemetry" status="200 OK" vehicle_id=68c7a30a742296b510ba8974
time="2025-09-15T06:27:09+01:00" level=info msg="Sent telemetry" status="200 OK" vehicle_id=68c7a30a742296b510ba8973
time="2025-09-15T06:27:10+01:00" level=info msg="Sent telemetry" status="200 OK" vehicle_id=68c7a30a742296b510ba8974
time="2025-09-15T06:27:10+01:00" level=info msg="Sent telemetry" status="200 OK" vehicle_id=68c7a30a742296b510ba8973
time="2025-09-15T06:27:11+01:00" level=info msg="Sent telemetry" status="200 OK" vehicle_id=68c7a30a742296b510ba8973
time="2025-09-15T06:27:11+01:00" level=info msg="Sent telemetry" status="200 OK" vehicle_id=68c7a30a742296b510ba8974
time="2025-09-15T06:27:12+01:00" level=info msg="Sent telemetry" status="200 OK" vehicle_id=68c7a30a742296b510ba8974
time="2025-09-15T06:27:12+01:00" level=info msg="Sent telemetry" status="200 OK" vehicle_id=68c7a30a742296b510ba8973
time="2025-09-15T06:27:13+01:00" level=info msg="Sent telemetry" status="200 OK" vehicle_id=68c7a30a742296b510ba8974
time="2025-09-15T06:27:13+01:00" level=info msg="Sent telemetry" status="200 OK" vehicle_id=68c7a30a742296b510ba8973
time="2025-09-15T06:27:14+01:00" level=info msg="Sent telemetry" status="200 OK" vehicle_id=68c7a30a742296b510ba8974
time="2025-09-15T06:27:14+01:00" level=info msg="Sent telemetry" status="200 OK" vehicle_id=68c7a30a742296b510ba8973
time="2025-09-15T06:27:15+01:00" level=info msg="Sent telemetry" status="200 OK" vehicle_id=68c7a30a742296b510ba8974
time="2025-09-15T06:27:15+01:00" level=info msg="Sent telemetry" status="200 OK" vehicle_id=68c7a30a742296b510ba8973
time="2025-09-15T06:27:16+01:00" level=info msg="Sent telemetry" status="200 OK" vehicle_id=68c7a30a742296b510ba8974
time="2025-09-15T06:27:16+01:00" level=info msg="Sent telemetry" status="200 OK" vehicle_id=68c7a30a742296b510ba8973
time="2025-09-15T06:27:17+01:00" level=info msg="Sent telemetry" status="200 OK" vehicle_id=68c7a30a742296b510ba8974
time="2025-09-15T06:27:17+01:00" level=info msg="Sent telemetry" status="200 OK" vehicle_id=68c7a30a742296b510ba8973
time="2025-09-15T06:27:18+01:00" level=info msg="Sent telemetry" status="200 OK" vehicle_id=68c7a30a742296b510ba8974
time="2025-09-15T06:27:18+01:00" level=info msg="Sent telemetry" status="200 OK" vehicle_id=68c7a30a742296b510ba8973
time="2025-09-15T06:27:19+01:00" level=info msg="Sent telemetry" status="200 OK" vehicle_id=68c7a30a742296b510ba8974
time="2025-09-15T06:27:19+01:00" level=info msg="Sent telemetry" status="200 OK" vehicle_id=68c7a30a742296b510ba8973
time="2025-09-15T06:27:20+01:00" level=info msg="Sent telemetry" status="200 OK" vehicle_id=68c7a30a742296b510ba8974
time="2025-09-15T06:27:20+01:00" level=info msg="Sent telemetry" status="200 OK" vehicle_id=68c7a30a742296b510ba8973
time="2025-09-15T06:27:21+01:00" level=info msg="Sent telemetry" status="200 OK" vehicle_id=68c7a30a742296b510ba8973
time="2025-09-15T06:27:21+01:00" level=info msg="Sent telemetry" status="200 OK" vehicle_id=68c7a30a742296b510ba8974
time="2025-09-15T06:27:22+01:00" level=info msg="Sent telemetry" status="200 OK" vehicle_id=68c7a30a742296b510ba8974
time="2025-09-15T06:27:22+01:00" level=info msg="Sent telemetry" status="200 OK" vehicle_id=68c7a30a742296b510ba8973
time="2025-09-15T06:27:23+01:00" level=info msg="Sent telemetry" status="200 OK" vehicle_id=68c7a30a742296b510ba8974
time="2025-09-15T06:27:23+01:00" level=info msg="Sent telemetry" status="200 OK" vehicle_id=68c7a30a742296b510ba8973
time="2025-09-15T06:27:24+01:00" level=info msg="Sent telemetry" status="200 OK" vehicle_id=68c7a30a742296b510ba8974
time="2025-09-15T06:27:24+01:00" level=info msg="Sent telemetry" status="200 OK" vehicle_id=68c7a30a742296b510ba8973
time="2025-09-15T06:27:25+01:00" level=info msg="Sent telemetry" status="200 OK" vehicle_id=68c7a30a742296b510ba8974
time="2025-09-15T06:27:25+01:00" level=info msg="Sent telemetry" status="200 OK" vehicle_id=68c7a30a742296b510ba8973
time="2025-09-15T06:27:26+01:00" level=info msg="Sent telemetry" status="200 OK" vehicle_id=68c7a30a742296b510ba8974
time="2025-09-15T06:27:26+01:00" level=info msg="Sent telemetry" status="200 OK" vehicle_id=68c7a30a742296b510ba8973
time="2025-09-15T06:27:27+01:00" level=info msg="Sent telemetry" status="200 OK" vehicle_id=68c7a30a742296b510ba8974
time="2025-09-15T06:27:27+01:00" level=info msg="Sent telemetry" status="200 OK" vehicle_id=68c7a30a742296b510ba8973
time="2025-09-15T06:27:28+01:00" level=info msg="Sent telemetry" status="200 OK" vehicle_id=68c7a30a742296b510ba8973
time="2025-09-15T06:27:28+01:00" level=info msg="Sent telemetry" status="200 OK" vehicle_id=68c7a30a742296b510ba8974
time="2025-09-15T06:27:29+01:00" level=info msg="Sent telemetry" status="200 OK" vehicle_id=68c7a30a742296b510ba8974
time="2025-09-15T06:27:29+01:00" level=info msg="Sent telemetry" status="200 OK" vehicle_id=68c7a30a742296b510ba8973
time="2025-09-15T06:27:30+01:00" level=info msg="Sent telemetry" status="200 OK" vehicle_id=68c7a30a742296b510ba8973
time="2025-09-15T06:27:30+01:00" level=info msg="Sent telemetry" status="200 OK" vehicle_id=68c7a30a742296b510ba8974
time="2025-09-15T06:27:31+01:00" level=info msg="Sent telemetry" status="200 OK" vehicle_id=68c7a30a742296b510ba8974
time="2025-09-15T06:27:31+01:00" level=info msg="Sent telemetry" status="200 OK" vehicle_id=68c7a30a742296b510ba8973
time="2025-09-15T06:27:32+01:00" level=info msg="Sent telemetry" status="200 OK" vehicle_id=68c7a30a742296b510ba8974
time="2025-09-15T06:27:32+01:00" level=info msg="Sent telemetry" status="200 OK" vehicle_id=68c7a30a742296b510ba8973
time="2025-09-15T06:27:33+01:00" level=info msg="Sent telemetry" status="200 OK" vehicle_id=68c7a30a742296b510ba8974
time="2025-09-15T06:27:33+01:00" level=info msg="Sent telemetry" status="200 OK" vehicle_id=68c7a30a742296b510ba8973
time="2025-09-15T06:27:34+01:00" level=info msg="Sent telemetry" status="200 OK" vehicle_id=68c7a30a742296b510ba8973
time="2025-09-15T06:27:34+01:00" level=info msg="Sent telemetry" status="200 OK" vehicle_id=68c7a30a742296b510ba8974
time="2025-09-15T06:27:35+01:00" level=info msg="Sent telemetry" status="200 OK" vehicle_id=68c7a30a742296b510ba8974
time="2025-09-15T06:27:35+01:00" level=info msg="Sent telemetry" status="200 OK" vehicle_id=68c7a30a742296b510ba8973
time="2025-09-15T06:27:36+01:00" level=info msg="Sent telemetry" status="200 OK" vehicle_id=68c7a30a742296b510ba8973
time="2025-09-15T06:27:36+01:00" level=info msg="Sent telemetry" status="200 OK" vehicle_id=68c7a30a742296b510ba8974
time="2025-09-15T06:27:37+01:00" level=info msg="Sent telemetry" status="200 OK" vehicle_id=68c7a30a742296b510ba8974
time="2025-09-15T06:27:37+01:00" level=info msg="Sent telemetry" status="200 OK" vehicle_id=68c7a30a742296b510ba8973
time="2025-09-15T06:27:38+01:00" level=info msg="Sent telemetry" status="200 OK" vehicle_id=68c7a30a742296b510ba8974
time="2025-09-15T06:27:38+01:00" level=info msg="Sent telemetry" status="200 OK" vehicle_id=68c7a30a742296b510ba8973
time="2025-09-15T06:27:39+01:00" level=info msg="Sent telemetry" status="200 OK" vehicle_id=68c7a30a742296b510ba8974
time="2025-09-15T06:27:39+01:00" level=info msg="Sent telemetry" status="200 OK" vehicle_id=68c7a30a742296b510ba8973
time="2025-09-15T06:27:40+01:00" level=info msg="Sent telemetry" status="200 OK" vehicle_id=68c7a30a742296b510ba8973
time="2025-09-15T06:27:40+01:00" level=info msg="Sent telemetry" status="200 OK" vehicle_id=68c7a30a742296b510ba8974
time="2025-09-15T06:27:41+01:00" level=info msg="Sent telemetry" status="200 OK" vehicle_id=68c7a30a742296b510ba8974
time="2025-09-15T06:27:41+01:00" level=info msg="Sent telemetry" status="200 OK" vehicle_id=68c7a30a742296b510ba8973
time="2025-09-15T06:27:42+01:00" level=info msg="Sent telemetry" status="200 OK" vehicle_id=68c7a30a742296b510ba8974
time="2025-09-15T06:27:42+01:00" level=info msg="Sent telemetry" status="200 OK" vehicle_id=68c7a30a742296b510ba8973
time="2025-09-15T06:27:43+01:00" level=info msg="Sent telemetry" status="200 OK" vehicle_id=68c7a30a742296b510ba8974
time="2025-09-15T06:27:43+01:00" level=info msg="Sent telemetry" status="200 OK" vehicle_id=68c7a30a742296b510ba8973
time="2025-09-15T06:27:44+01:00" level=info msg="Sent telemetry" status="200 OK" vehicle_id=68c7a30a742296b510ba8974
time="2025-09-15T06:27:44+01:00" level=info msg="Sent telemetry" status="200 OK" vehicle_id=68c7a30a742296b510ba8973
time="2025-09-15T06:27:45+01:00" level=info msg="Sent telemetry" status="200 OK" vehicle_id=68c7a30a742296b510ba8974
time="2025-09-15T06:27:45+01:00" level=info msg="Sent telemetry" status="200 OK" vehicle_id=68c7a30a742296b510ba8973
time="2025-09-15T06:27:46+01:00" level=info msg="Sent telemetry" status="200 OK" vehicle_id=68c7a30a742296b510ba8974
time="2025-09-15T06:27:46+01:00" level=info msg="Sent telemetry" status="200 OK" vehicle_id=68c7a30a742296b510ba8973
time="2025-09-15T06:27:47+01:00" level=info msg="Sent telemetry" status="200 OK" vehicle_id=68c7a30a742296b510ba8974
time="2025-09-15T06:27:47+01:00" level=info msg="Sent telemetry" status="200 OK" vehicle_id=68c7a30a742296b510ba8973
time="2025-09-15T06:27:48+01:00" level=info msg="Sent telemetry" status="200 OK" vehicle_id=68c7a30a742296b510ba8973
time="2025-09-15T06:27:48+01:00" level=info msg="Sent telemetry" status="200 OK" vehicle_id=68c7a30a742296b510ba8974
time="2025-09-15T06:27:49+01:00" level=info msg="Sent telemetry" status="200 OK" vehicle_id=68c7a30a742296b510ba8974
time="2025-09-15T06:27:49+01:00" level=info msg="Sent telemetry" status="200 OK" vehicle_id=68c7a30a742296b510ba8973
time="2025-09-15T06:27:50+01:00" level=info msg="Sent telemetry" status="200 OK" vehicle_id=68c7a30a742296b510ba8973
time="2025-09-15T06:27:50+01:00" level=info msg="Sent telemetry" status="200 OK" vehicle_id=68c7a30a742296b510ba8974
time="2025-09-15T06:27:51+01:00" level=info msg="Sent telemetry" status="200 OK" vehicle_id=68c7a30a742296b510ba8974
time="2025-09-15T06:27:51+01:00" level=info msg="Sent telemetry" status="200 OK" vehicle_id=68c7a30a742296b510ba8973
time="2025-09-15T06:27:52+01:00" level=info msg="Sent telemetry" status="200 OK" vehicle_id=68c7a30a742296b510ba8974
time="2025-09-15T06:27:52+01:00" level=info msg="Sent telemetry" status="200 OK" vehicle_id=68c7a30a742296b510ba8973
time="2025-09-15T06:27:53+01:00" level=info msg="Sent telemetry" status="200 OK" vehicle_id=68c7a30a742296b510ba8974
time="2025-09-15T06:27:53+01:00" level=info msg="Sent telemetry" status="200 OK" vehicle_id=68c7a30a742296b510ba8973
time="2025-09-15T06:27:54+01:00" level=info msg="Sent telemetry" status="200 OK" vehicle_id=68c7a30a742296b510ba8973
time="2025-09-15T06:27:54+01:00" level=info msg="Sent telemetry" status="200 OK" vehicle_id=68c7a30a742296b510ba8974
time="2025-09-15T06:27:55+01:00" level=info msg="Sent telemetry" status="200 OK" vehicle_id=68c7a30a742296b510ba8974
time="2025-09-15T06:27:55+01:00" level=info msg="Sent telemetry" status="200 OK" vehicle_id=68c7a30a742296b510ba8973
time="2025-09-15T06:27:56+01:00" level=info msg="Sent telemetry" status="200 OK" vehicle_id=68c7a30a742296b510ba8973
time="2025-09-15T06:27:56+01:00" level=info msg="Sent telemetry" status="200 OK" vehicle_id=68c7a30a742296b510ba8974
time="2025-09-15T06:27:57+01:00" level=info msg="Sent telemetry" status="200 OK" vehicle_id=68c7a30a742296b510ba8974
time="2025-09-15T06:27:57+01:00" level=info msg="Sent telemetry" status="200 OK" vehicle_id=68c7a30a742296b510ba8973
time="2025-09-15T06:27:58+01:00" level=info msg="Sent telemetry" status="200 OK" vehicle_id=68c7a30a742296b510ba8973
time="2025-09-15T06:27:58+01:00" level=info msg="Sent telemetry" status="200 OK" vehicle_id=68c7a30a742296b510ba8974
time="2025-09-15T06:27:59+01:00" level=info msg="Sent telemetry" status="200 OK" vehicle_id=68c7a30a742296b510ba8974
time="2025-09-15T06:27:59+01:00" level=info msg="Sent telemetry" status="200 OK" vehicle_id=68c7a30a742296b510ba8973
time="2025-09-15T06:28:00+01:00" level=info msg="Sent telemetry" status="200 OK" vehicle_id=68c7a30a742296b510ba8974
time="2025-09-15T06:28:00+01:00" level=info msg="Sent telemetry" status="200 OK" vehicle_id=68c7a30a742296b510ba8973
time="2025-09-15T06:28:01+01:00" level=info msg="Sent telemetry" status="200 OK" vehicle_id=68c7a30a742296b510ba8973
time="2025-09-15T06:28:01+01:00" level=info msg="Sent telemetry" status="200 OK" vehicle_id=68c7a30a742296b510ba8974
time="2025-09-15T06:28:02+01:00" level=info msg="Sent telemetry" status="200 OK" vehicle_id=68c7a30a742296b510ba8973
time="2025-09-15T06:28:02+01:00" level=info msg="Sent telemetry" status="200 OK" vehicle_id=68c7a30a742296b510ba8974
time="2025-09-15T06:28:03+01:00" level=info msg="Sent telemetry" status="200 OK" vehicle_id=68c7a30a742296b510ba8973
time="2025-09-15T06:28:03+01:00" level=info msg="Sent telemetry" status="200 OK" vehicle_id=68c7a30a742296b510ba8974
time="2025-09-15T06:28:04+01:00" level=info msg="Sent telemetry" status="200 OK" vehicle_id=68c7a30a742296b510ba8973
time="2025-09-15T06:28:04+01:00" level=info msg="Sent telemetry" status="200 OK" vehicle_id=68c7a30a742296b510ba8974
time="2025-09-15T06:28:05+01:00" level=info msg="Sent telemetry" status="200 OK" vehicle_id=68c7a30a742296b510ba8974
time="2025-09-15T06:28:05+01:00" level=info msg="Sent telemetry" status="200 OK" vehicle_id=68c7a30a742296b510ba8973
time="2025-09-15T06:28:06+01:00" level=info msg="Sent telemetry" status="200 OK" vehicle_id=68c7a30a742296b510ba8974
time="2025-09-15T06:28:06+01:00" level=info msg="Sent telemetry" status="200 OK" vehicle_id=68c7a30a742296b510ba8973
time="2025-09-15T06:28:07+01:00" level=info msg="Sent telemetry" status="200 OK" vehicle_id=68c7a30a742296b510ba8974
time="2025-09-15T06:28:07+01:00" level=info msg="Sent telemetry" status="200 OK" vehicle_id=68c7a30a742296b510ba8973
time="2025-09-15T06:28:08+01:00" level=info msg="Sent telemetry" status="200 OK" vehicle_id=68c7a30a742296b510ba8974
time="2025-09-15T06:28:08+01:00" level=info msg="Sent telemetry" status="200 OK" vehicle_id=68c7a30a742296b510ba8973
time="2025-09-15T06:28:09+01:00" level=info msg="Sent telemetry" status="200 OK" vehicle_id=68c7a30a742296b510ba8974
time="2025-09-15T06:28:09+01:00" level=info msg="Sent telemetry" status="200 OK" vehicle_id=68c7a30a742296b510ba8973
time="2025-09-15T06:28:10+01:00" level=info msg="Sent telemetry" status="200 OK" vehicle_id=68c7a30a742296b510ba8974
time="2025-09-15T06:28:10+01:00" level=info msg="Sent telemetry" status="200 OK" vehicle_id=68c7a30a742296b510ba8973
time="2025-09-15T06:28:11+01:00" level=info msg="Sent telemetry" status="200 OK" vehicle_id=68c7a30a742296b510ba8973
time="2025-09-15T06:28:11+01:00" level=info msg="Sent telemetry" status="200 OK" vehicle_id=68c7a30a742296b510ba8974
time="2025-09-15T06:28:12+01:00" level=info msg="Sent telemetry" status="200 OK" vehicle_id=68c7a30a742296b510ba8974
time="2025-09-15T06:28:12+01:00" level=info msg="Sent telemetry" status="200 OK" vehicle_id=68c7a30a742296b510ba8973
time="2025-09-15T06:28:13+01:00" level=info msg="Sent telemetry" status="200 OK" vehicle_id=68c7a30a742296b510ba8974
time="2025-09-15T06:28:13+01:00" level=info msg="Sent telemetry" status="200 OK" vehicle_id=68c7a30a742296b510ba8973
time="2025-09-15T06:28:14+01:00" level=info msg="Sent telemetry" status="200 OK" vehicle_id=68c7a30a742296b510ba8974
time="2025-09-15T06:28:14+01:00" level=info msg="Sent telemetry" status="200 OK" vehicle_id=68c7a30a742296b510ba8973
time="2025-09-15T06:28:15+01:00" level=info msg="Sent telemetry" status="200 OK" vehicle_id=68c7a30a742296b510ba8974
time="2025-09-15T06:28:15+01:00" level=info msg="Sent telemetry" status="200 OK" vehicle_id=68c7a30a742296b510ba8973
time="2025-09-15T06:28:16+01:00" level=info msg="Sent telemetry" status="200 OK" vehicle_id=68c7a30a742296b510ba8973
time="2025-09-15T06:28:16+01:00" level=info msg="Sent telemetry" status="200 OK" vehicle_id=68c7a30a742296b510ba8974
time="2025-09-15T06:28:17+01:00" level=info msg="Sent telemetry" status="200 OK" vehicle_id=68c7a30a742296b510ba8974
time="2025-09-15T06:28:17+01:00" level=info msg="Sent telemetry" status="200 OK" vehicle_id=68c7a30a742296b510ba8973
time="2025-09-15T06:28:18+01:00" level=info msg="Sent telemetry" status="200 OK" vehicle_id=68c7a30a742296b510ba8974
time="2025-09-15T06:28:18+01:00" level=info msg="Sent telemetry" status="200 OK" vehicle_id=68c7a30a742296b510ba8973
time="2025-09-15T06:28:19+01:00" level=info msg="Sent telemetry" status="200 OK" vehicle_id=68c7a30a742296b510ba8973
time="2025-09-15T06:28:19+01:00" level=info msg="Sent telemetry" status="200 OK" vehicle_id=68c7a30a742296b510ba8974
time="2025-09-15T06:28:20+01:00" level=info msg="Sent telemetry" status="200 OK" vehicle_id=68c7a30a742296b510ba8974
time="2025-09-15T06:28:20+01:00" level=info msg="Sent telemetry" status="200 OK" vehicle_id=68c7a30a742296b510ba8973
time="2025-09-15T06:28:21+01:00" level=info msg="Sent telemetry" status="200 OK" vehicle_id=68c7a30a742296b510ba8974
time="2025-09-15T06:28:21+01:00" level=info msg="Sent telemetry" status="200 OK" vehicle_id=68c7a30a742296b510ba8973
time="2025-09-15T06:28:22+01:00" level=info msg="Sent telemetry" status="200 OK" vehicle_id=68c7a30a742296b510ba8974
time="2025-09-15T06:28:22+01:00" level=info msg="Sent telemetry" status="200 OK" vehicle_id=68c7a30a742296b510ba8973
time="2025-09-15T06:28:23+01:00" level=info msg="Sent telemetry" status="200 OK" vehicle_id=68c7a30a742296b510ba8974
time="2025-09-15T06:28:23+01:00" level=info msg="Sent telemetry" status="200 OK" vehicle_id=68c7a30a742296b510ba8973
time="2025-09-15T06:28:24+01:00" level=info msg="Sent telemetry" status="200 OK" vehicle_id=68c7a30a742296b510ba8974
time="2025-09-15T06:28:24+01:00" level=info msg="Sent telemetry" status="200 OK" vehicle_id=68c7a30a742296b510ba8973
time="2025-09-15T06:28:25+01:00" level=info msg="Sent telemetry" status="200 OK" vehicle_id=68c7a30a742296b510ba8973
time="2025-09-15T06:28:25+01:00" level=info msg="Sent telemetry" status="200 OK" vehicle_id=68c7a30a742296b510ba8974
time="2025-09-15T06:28:26+01:00" level=info msg="Sent telemetry" status="200 OK" vehicle_id=68c7a30a742296b510ba8974
time="2025-09-15T06:28:26+01:00" level=info msg="Sent telemetry" status="200 OK" vehicle_id=68c7a30a742296b510ba8973
time="2025-09-15T06:28:27+01:00" level=info msg="Sent telemetry" status="200 OK" vehicle_id=68c7a30a742296b510ba8974
time="2025-09-15T06:28:27+01:00" level=info msg="Sent telemetry" status="200 OK" vehicle_id=68c7a30a742296b510ba8973
time="2025-09-15T06:28:28+01:00" level=info msg="Sent telemetry" status="200 OK" vehicle_id=68c7a30a742296b510ba8974
time="2025-09-15T06:28:28+01:00" level=info msg="Sent telemetry" status="200 OK" vehicle_id=68c7a30a742296b510ba8973
time="2025-09-15T06:28:29+01:00" level=info msg="Sent telemetry" status="200 OK" vehicle_id=68c7a30a742296b510ba8974
time="2025-09-15T06:28:29+01:00" level=info msg="Sent telemetry" status="200 OK" vehicle_id=68c7a30a742296b510ba8973
time="2025-09-15T06:28:30+01:00" level=info msg="Sent telemetry" status="200 OK" vehicle_id=68c7a30a742296b510ba8974
time="2025-09-15T06:28:30+01:00" level=info msg="Sent telemetry" status="200 OK" vehicle_id=68c7a30a742296b510ba8973
time="2025-09-15T06:28:31+01:00" level=info msg="Sent telemetry" status="200 OK" vehicle_id=68c7a30a742296b510ba8973
time="2025-09-15T06:28:31+01:00" level=info msg="Sent telemetry" status="200 OK" vehicle_id=68c7a30a742296b510ba8974
time="2025-09-15T06:28:32+01:00" level=info msg="Sent telemetry" status="200 OK" vehicle_id=68c7a30a742296b510ba8974
time="2025-09-15T06:28:32+01:00" level=info msg="Sent telemetry" status="200 OK" vehicle_id=68c7a30a742296b510ba8973
time="2025-09-15T06:28:33+01:00" level=info msg="Sent telemetry" status="200 OK" vehicle_id=68c7a30a742296b510ba8974
time="2025-09-15T06:28:33+01:00" level=info msg="Sent telemetry" status="200 OK" vehicle_id=68c7a30a742296b510ba8973
time="2025-09-15T06:28:34+01:00" level=info msg="Sent telemetry" status="200 OK" vehicle_id=68c7a30a742296b510ba8974
time="2025-09-15T06:28:34+01:00" level=info msg="Sent telemetry" status="200 OK" vehicle_id=68c7a30a742296b510ba8973
time="2025-09-15T06:28:35+01:00" level=info msg="Sent telemetry" status="200 OK" vehicle_id=68c7a30a742296b510ba8973
time="2025-09-15T06:28:35+01:00" level=info msg="Sent telemetry" status="200 OK" vehicle_id=68c7a30a742296b510ba8974
time="2025-09-15T06:28:36+01:00" level=info msg="Sent telemetry" status="200 OK" vehicle_id=68c7a30a742296b510ba8974
time="2025-09-15T06:28:36+01:00" level=info msg="Sent telemetry" status="200 OK" vehicle_id=68c7a30a742296b510ba8973
time="2025-09-15T06:28:37+01:00" level=info msg="Sent telemetry" status="200 OK" vehicle_id=68c7a30a742296b510ba8974
time="2025-09-15T06:28:37+01:00" level=info msg="Sent telemetry" status="200 OK" vehicle_id=68c7a30a742296b510ba8973
time="2025-09-15T06:28:38+01:00" level=info msg="Sent telemetry" status="200 OK" vehicle_id=68c7a30a742296b510ba8974
time="2025-09-15T06:28:38+01:00" level=info msg="Sent telemetry" status="200 OK" vehicle_id=68c7a30a742296b510ba8973
time="2025-09-15T06:28:39+01:00" level=info msg="Sent telemetry" status="200 OK" vehicle_id=68c7a30a742296b510ba8974
time="2025-09-15T06:28:39+01:00" level=info msg="Sent telemetry" status="200 OK" vehicle_id=68c7a30a742296b510ba8973
time="2025-09-15T06:28:40+01:00" level=info msg="Sent telemetry" status="200 OK" vehicle_id=68c7a30a742296b510ba8974
time="2025-09-15T06:28:40+01:00" level=info msg="Sent telemetry" status="200 OK" vehicle_id=68c7a30a742296b510ba8973
time="2025-09-15T06:28:41+01:00" level=info msg="Sent telemetry" status="200 OK" vehicle_id=68c7a30a742296b510ba8974
time="2025-09-15T06:28:41+01:00" level=info msg="Sent telemetry" status="200 OK" vehicle_id=68c7a30a742296b510ba8973
time="2025-09-15T06:28:42+01:00" level=info msg="Sent telemetry" status="200 OK" vehicle_id=68c7a30a742296b510ba8974
time="2025-09-15T06:28:42+01:00" level=info msg="Sent telemetry" status="200 OK" vehicle_id=68c7a30a742296b510ba8973
time="2025-09-15T06:28:43+01:00" level=info msg="Sent telemetry" status="200 OK" vehicle_id=68c7a30a742296b510ba8974
time="2025-09-15T06:28:43+01:00" level=info msg="Sent telemetry" status="200 OK" vehicle_id=68c7a30a742296b510ba8973
time="2025-09-15T06:28:44+01:00" level=info msg="Sent telemetry" status="200 OK" vehicle_id=68c7a30a742296b510ba8974
time="2025-09-15T06:28:44+01:00" level=info msg="Sent telemetry" status="200 OK" vehicle_id=68c7a30a742296b510ba8973
time="2025-09-15T06:28:45+01:00" level=info msg="Sent telemetry" status="200 OK" vehicle_id=68c7a30a742296b510ba8973
time="2025-09-15T06:28:45+01:00" level=info msg="Sent telemetry" status="200 OK" vehicle_id=68c7a30a742296b510ba8974
time="2025-09-15T06:28:46+01:00" level=info msg="Sent telemetry" status="200 OK" vehicle_id=68c7a30a742296b510ba8973
time="2025-09-15T06:28:46+01:00" level=info msg="Sent telemetry" status="200 OK" vehicle_id=68c7a30a742296b510ba8974
time="2025-09-15T06:28:47+01:00" level=info msg="Sent telemetry" status="200 OK" vehicle_id=68c7a30a742296b510ba8973
time="2025-09-15T06:28:47+01:00" level=info msg="Sent telemetry" status="200 OK" vehicle_id=68c7a30a742296b510ba8974
time="2025-09-15T06:28:48+01:00" level=info msg="Sent telemetry" status="200 OK" vehicle_id=68c7a30a742296b510ba8974
time="2025-09-15T06:28:48+01:00" level=info msg="Sent telemetry" status="200 OK" vehicle_id=68c7a30a742296b510ba8973
time="2025-09-15T06:28:49+01:00" level=info msg="Sent telemetry" status="200 OK" vehicle_id=68c7a30a742296b510ba8974
time="2025-09-15T06:28:49+01:00" level=info msg="Sent telemetry" status="200 OK" vehicle_id=68c7a30a742296b510ba8973
time="2025-09-15T06:28:50+01:00" level=info msg="Sent telemetry" status="200 OK" vehicle_id=68c7a30a742296b510ba8973
time="2025-09-15T06:28:50+01:00" level=info msg="Sent telemetry" status="200 OK" vehicle_id=68c7a30a742296b510ba8974
time="2025-09-15T06:28:51+01:00" level=info msg="Sent telemetry" status="200 OK" vehicle_id=68c7a30a742296b510ba8974
time="2025-09-15T06:28:51+01:00" level=info msg="Sent telemetry" status="200 OK" vehicle_id=68c7a30a742296b510ba8973
time="2025-09-15T06:28:52+01:00" level=info msg="Sent telemetry" status="200 OK" vehicle_id=68c7a30a742296b510ba8974
time="2025-09-15T06:28:52+01:00" level=info msg="Sent telemetry" status="200 OK" vehicle_id=68c7a30a742296b510ba8973
time="2025-09-15T06:28:53+01:00" level=info msg="Sent telemetry" status="200 OK" vehicle_id=68c7a30a742296b510ba8974
time="2025-09-15T06:28:53+01:00" level=info msg="Sent telemetry" status="200 OK" vehicle_id=68c7a30a742296b510ba8973
time="2025-09-15T06:28:54+01:00" level=info msg="Sent telemetry" status="200 OK" vehicle_id=68c7a30a742296b510ba8974
time="2025-09-15T06:28:54+01:00" level=info msg="Sent telemetry" status="200 OK" vehicle_id=68c7a30a742296b510ba8973
time="2025-09-15T06:28:55+01:00" level=info msg="Sent telemetry" status="200 OK" vehicle_id=68c7a30a742296b510ba8974
time="2025-09-15T06:28:55+01:00" level=info msg="Sent telemetry" status="200 OK" vehicle_id=68c7a30a742296b510ba8973
time="2025-09-15T06:28:56+01:00" level=info msg="Sent telemetry" status="200 OK" vehicle_id=68c7a30a742296b510ba8974
time="2025-09-15T06:28:56+01:00" level=info msg="Sent telemetry" status="200 OK" vehicle_id=68c7a30a742296b510ba8973
time="2025-09-15T06:28:57+01:00" level=info msg="Sent telemetry" status="200 OK" vehicle_id=68c7a30a742296b510ba8974
time="2025-09-15T06:28:57+01:00" level=info msg="Sent telemetry" status="200 OK" vehicle_id=68c7a30a742296b510ba8973
time="2025-09-15T06:28:58+01:00" level=info msg="Sent telemetry" status="200 OK" vehicle_id=68c7a30a742296b510ba8973
time="2025-09-15T06:28:58+01:00" level=info msg="Sent telemetry" status="200 OK" vehicle_id=68c7a30a742296b510ba8974
time="2025-09-15T06:28:59+01:00" level=info msg="Sent telemetry" status="200 OK" vehicle_id=68c7a30a742296b510ba8973
time="2025-09-15T06:28:59+01:00" level=info msg="Sent telemetry" status="200 OK" vehicle_id=68c7a30a742296b510ba8974
time="2025-09-15T06:29:00+01:00" level=info msg="Sent telemetry" status="200 OK" vehicle_id=68c7a30a742296b510ba8974
time="2025-09-15T06:29:00+01:00" level=info msg="Sent telemetry" status="200 OK" vehicle_id=68c7a30a742296b510ba8973
time="2025-09-15T06:29:01+01:00" level=info msg="Sent telemetry" status="200 OK" vehicle_id=68c7a30a742296b510ba8974
time="2025-09-15T06:29:01+01:00" level=info msg="Sent telemetry" status="200 OK" vehicle_id=68c7a30a742296b510ba8973
time="2025-09-15T06:29:02+01:00" level=info msg="Sent telemetry" status="200 OK" vehicle_id=68c7a30a742296b510ba8974
time="2025-09-15T06:29:02+01:00" level=info msg="Sent telemetry" status="200 OK" vehicle_id=68c7a30a742296b510ba8973
time="2025-09-15T06:29:03+01:00" level=info msg="Sent telemetry" status="200 OK" vehicle_id=68c7a30a742296b510ba8974
time="2025-09-15T06:29:03+01:00" level=info msg="Sent telemetry" status="200 OK" vehicle_id=68c7a30a742296b510ba8973
time="2025-09-15T06:29:04+01:00" level=info msg="Sent telemetry" status="200 OK" vehicle_id=68c7a30a742296b510ba8974
time="2025-09-15T06:29:04+01:00" level=info msg="Sent telemetry" status="200 OK" vehicle_id=68c7a30a742296b510ba8973
time="2025-09-15T06:29:05+01:00" level=info msg="Sent telemetry" status="200 OK" vehicle_id=68c7a30a742296b510ba8974
time="2025-09-15T06:29:05+01:00" level=info msg="Sent telemetry" status="200 OK" vehicle_id=68c7a30a742296b510ba8973
time="2025-09-15T06:29:06+01:00" level=info msg="Sent telemetry" status="200 OK" vehicle_id=68c7a30a742296b510ba8974
time="2025-09-15T06:29:06+01:00" level=info msg="Sent telemetry" status="200 OK" vehicle_id=68c7a30a742296b510ba8973
time="2025-09-15T06:29:07+01:00" level=info msg="Sent telemetry" status="200 OK" vehicle_id=68c7a30a742296b510ba8974
time="2025-09-15T06:29:07+01:00" level=info msg="Sent telemetry" status="200 OK" vehicle_id=68c7a30a742296b510ba8973
time="2025-09-15T06:29:08+01:00" level=info msg="Sent telemetry" status="200 OK" vehicle_id=68c7a30a742296b510ba8974
time="2025-09-15T06:29:08+01:00" level=info msg="Sent telemetry" status="200 OK" vehicle_id=68c7a30a742296b510ba8973
time="2025-09-15T06:29:09+01:00" level=info msg="Sent telemetry" status="200 OK" vehicle_id=68c7a30a742296b510ba8974
time="2025-09-15T06:29:09+01:00" level=info msg="Sent telemetry" status="200 OK" vehicle_id=68c7a30a742296b510ba8973
time="2025-09-15T06:29:10+01:00" level=info msg="Sent telemetry" status="200 OK" vehicle_id=68c7a30a742296b510ba8974
time="2025-09-15T06:29:10+01:00" level=info msg="Sent telemetry" status="200 OK" vehicle_id=68c7a30a742296b510ba8973
time="2025-09-15T06:29:11+01:00" level=info msg="Sent telemetry" status="200 OK" vehicle_id=68c7a30a742296b510ba8974
time="2025-09-15T06:29:11+01:00" level=info msg="Sent telemetry" status="200 OK" vehicle_id=68c7a30a742296b510ba8973
time="2025-09-15T06:29:12+01:00" level=info msg="Sent telemetry" status="200 OK" vehicle_id=68c7a30a742296b510ba8974
time="2025-09-15T06:29:12+01:00" level=info msg="Sent telemetry" status="200 OK" vehicle_id=68c7a30a742296b510ba8973
time="2025-09-15T06:29:13+01:00" level=info msg="Sent telemetry" status="200 OK" vehicle_id=68c7a30a742296b510ba8974
time="2025-09-15T06:29:13+01:00" level=info msg="Sent telemetry" status="200 OK" vehicle_id=68c7a30a742296b510ba8973
time="2025-09-15T06:29:14+01:00" level=info msg="Sent telemetry" status="200 OK" vehicle_id=68c7a30a742296b510ba8973
time="2025-09-15T06:29:14+01:00" level=info msg="Sent telemetry" status="200 OK" vehicle_id=68c7a30a742296b510ba8974
time="2025-09-15T06:29:15+01:00" level=info msg="Sent telemetry" status="200 OK" vehicle_id=68c7a30a742296b510ba8973
time="2025-09-15T06:29:15+01:00" level=info msg="Sent telemetry" status="200 OK" vehicle_id=68c7a30a742296b510ba8974
time="2025-09-15T06:29:16+01:00" level=info msg="Sent telemetry" status="200 OK" vehicle_id=68c7a30a742296b510ba8973
time="2025-09-15T06:29:16+01:00" level=info msg="Sent telemetry" status="200 OK" vehicle_id=68c7a30a742296b510ba8974
time="2025-09-15T06:29:17+01:00" level=info msg="Sent telemetry" status="200 OK" vehicle_id=68c7a30a742296b510ba8974
time="2025-09-15T06:29:17+01:00" level=info msg="Sent telemetry" status="200 OK" vehicle_id=68c7a30a742296b510ba8973
